INFO: [VRFC 10-2263] Analyzing SystemVerilog file "C:/Users/Trung/Desktop/RISC-V_CPU/src/RISC-V/RISC-V.srcs/sources_1/new/risc_cpu_logic.sv" into library xil_defaultlib
INFO: [VRFC 10-311] analyzing module Program_counter
INFO: [VRFC 10-311] analyzing module Instruction_mem
INFO: [VRFC 10-311] analyzing module Register
INFO: [VRFC 10-311] analyzing module Immediate_gen
INFO: [VRFC 10-311] analyzing module Control
INFO: [VRFC 10-311] analyzing module ALU
INFO: [VRFC 10-311] analyzing module ALU_control
INFO: [VRFC 10-311] analyzing module Data_mem
INFO: [VRFC 10-311] analyzing module Mux1
INFO: [VRFC 10-311] analyzing module Mux2
INFO: [VRFC 10-311] analyzing module Mux3
INFO: [VRFC 10-311] analyzing module And1
INFO: [VRFC 10-311] analyzing module Add1
INFO: [VRFC 10-311] analyzing module Add2
INFO: [VRFC 10-2263] Analyzing SystemVerilog file "C:/Users/Trung/Desktop/RISC-V_CPU/src/RISC-V/RISC-V.srcs/sources_1/new/top_module.sv" into library xil_defaultlib
INFO: [VRFC 10-311] analyzing module top_module
INFO: [VRFC 10-2263] Analyzing SystemVerilog file "C:/Users/Trung/Desktop/RISC-V_CPU/src/RISC-V/RISC-V.srcs/sources_1/new/top_module_tb.sv" into library xil_defaultlib
INFO: [VRFC 10-311] analyzing module top_module_tb
INFO: [VRFC 10-2263] Analyzing Verilog file "C:/Users/Trung/Desktop/RISC-V_CPU/src/RISC-V/RISC-V.sim/sim_1/behav/xsim/glbl.v" into library xil_defaultlib
INFO: [VRFC 10-311] analyzing module glbl
