Vivado Simulator v2023.1
Copyright 1986-2022 Xilinx, Inc. All Rights Reserved.
Copyright 2022-2023 Advanced Micro Devices, Inc. All Rights Reserved.
Running: C:/Xilinx/Vivado/2023.1/bin/unwrapped/win64.o/xelab.exe --incr --debug typical --relax --mt 2 -L xil_defaultlib -L uvm -L unisims_ver -L unimacro_ver -L secureip --snapshot top_module_tb_behav xil_defaultlib.top_module_tb xil_defaultlib.glbl -log elaborate.log 
Using 2 slave threads.
Starting static elaboration
Pass Through NonSizing Optimizer
Completed static elaboration
Starting simulation data flow analysis
Completed simulation data flow analysis
Time Resolution for simulation is 1ps
Compiling module xil_defaultlib.Program_counter
Compiling module xil_defaultlib.Add1
Compiling module xil_defaultlib.Instruction_mem
Compiling module xil_defaultlib.Register
Compiling module xil_defaultlib.Immediate_gen
Compiling module xil_defaultlib.Control
Compiling module xil_defaultlib.ALU_control
Compiling module xil_defaultlib.ALU
Compiling module xil_defaultlib.Mux1
Compiling module xil_defaultlib.And1
Compiling module xil_defaultlib.Add2
Compiling module xil_defaultlib.Mux2
Compiling module xil_defaultlib.Data_mem
Compiling module xil_defaultlib.Mux3
Compiling module xil_defaultlib.top_module
Compiling module xil_defaultlib.top_module_tb
Compiling module xil_defaultlib.glbl
Built simulation snapshot top_module_tb_behav
